mode: atomic
github.com/owulveryck/wardleyToGo/internal/utils/utils.go:7.68,13.2 5 7
github.com/owulveryck/wardleyToGo/internal/utils/utils.go:15.57,21.2 4 0
github.com/owulveryck/wardleyToGo/internal/svg/circle.go:17.41,19.2 1 38
github.com/owulveryck/wardleyToGo/internal/svg/circle.go:21.74,43.25 3 0
github.com/owulveryck/wardleyToGo/internal/svg/circle.go:49.2,51.12 3 0
github.com/owulveryck/wardleyToGo/internal/svg/circle.go:43.25,48.3 1 0
github.com/owulveryck/wardleyToGo/internal/svg/hexagon.go:8.65,14.2 2 4
github.com/owulveryck/wardleyToGo/internal/svg/polygon.go:19.76,21.29 2 0
github.com/owulveryck/wardleyToGo/internal/svg/polygon.go:24.2,26.24 3 0
github.com/owulveryck/wardleyToGo/internal/svg/polygon.go:29.2,36.12 8 0
github.com/owulveryck/wardleyToGo/internal/svg/polygon.go:21.29,23.3 1 0
github.com/owulveryck/wardleyToGo/internal/svg/polygon.go:26.24,28.3 1 0
github.com/owulveryck/wardleyToGo/internal/svg/svg.go:23.42,57.2 2 1
github.com/owulveryck/wardleyToGo/internal/svg/transform.go:16.77,21.36 3 1
github.com/owulveryck/wardleyToGo/internal/svg/transform.go:24.2,24.19 1 1
github.com/owulveryck/wardleyToGo/internal/svg/transform.go:27.2,27.18 1 1
github.com/owulveryck/wardleyToGo/internal/svg/transform.go:31.2,40.12 5 1
github.com/owulveryck/wardleyToGo/internal/svg/transform.go:21.36,23.3 1 1
github.com/owulveryck/wardleyToGo/internal/svg/transform.go:24.19,26.3 1 1
github.com/owulveryck/wardleyToGo/internal/svg/transform.go:27.18,29.3 1 0
github.com/owulveryck/wardleyToGo/internal/svg/color.go:20.26,22.2 1 3
github.com/owulveryck/wardleyToGo/internal/svg/color.go:24.64,25.20 1 48
github.com/owulveryck/wardleyToGo/internal/svg/color.go:28.2,29.46 2 22
github.com/owulveryck/wardleyToGo/internal/svg/color.go:25.20,27.3 1 26
github.com/owulveryck/wardleyToGo/internal/svg/color.go:29.46,35.3 2 6
github.com/owulveryck/wardleyToGo/internal/svg/color.go:35.8,40.3 1 16
github.com/owulveryck/wardleyToGo/internal/svg/line.go:20.72,29.25 7 5
github.com/owulveryck/wardleyToGo/internal/svg/line.go:32.2,32.30 1 5
github.com/owulveryck/wardleyToGo/internal/svg/line.go:38.2,38.23 1 5
github.com/owulveryck/wardleyToGo/internal/svg/line.go:41.2,41.19 1 5
github.com/owulveryck/wardleyToGo/internal/svg/line.go:44.2,49.12 6 5
github.com/owulveryck/wardleyToGo/internal/svg/line.go:29.25,31.3 1 4
github.com/owulveryck/wardleyToGo/internal/svg/line.go:32.30,33.34 1 3
github.com/owulveryck/wardleyToGo/internal/svg/line.go:36.3,36.109 1 3
github.com/owulveryck/wardleyToGo/internal/svg/line.go:33.34,35.4 1 0
github.com/owulveryck/wardleyToGo/internal/svg/line.go:38.23,40.3 1 2
github.com/owulveryck/wardleyToGo/internal/svg/line.go:41.19,43.3 1 0
github.com/owulveryck/wardleyToGo/internal/svg/line.go:54.33,57.2 2 5
github.com/owulveryck/wardleyToGo/internal/svg/line.go:59.59,64.2 1 29
github.com/owulveryck/wardleyToGo/internal/svg/rectangle.go:18.77,44.25 3 2
github.com/owulveryck/wardleyToGo/internal/svg/rectangle.go:50.2,50.19 1 2
github.com/owulveryck/wardleyToGo/internal/svg/rectangle.go:56.2,56.15 1 2
github.com/owulveryck/wardleyToGo/internal/svg/rectangle.go:62.2,62.15 1 2
github.com/owulveryck/wardleyToGo/internal/svg/rectangle.go:68.2,70.12 3 2
github.com/owulveryck/wardleyToGo/internal/svg/rectangle.go:44.25,49.3 1 0
github.com/owulveryck/wardleyToGo/internal/svg/rectangle.go:50.19,55.3 1 1
github.com/owulveryck/wardleyToGo/internal/svg/rectangle.go:56.15,61.3 1 0
github.com/owulveryck/wardleyToGo/internal/svg/rectangle.go:62.15,67.3 1 0
github.com/owulveryck/wardleyToGo/internal/svg/text.go:18.41,20.2 1 0
github.com/owulveryck/wardleyToGo/internal/svg/text.go:32.72,48.24 3 10
github.com/owulveryck/wardleyToGo/internal/svg/text.go:54.2,54.24 1 10
github.com/owulveryck/wardleyToGo/internal/svg/text.go:65.2,65.22 1 10
github.com/owulveryck/wardleyToGo/internal/svg/text.go:71.2,71.22 1 10
github.com/owulveryck/wardleyToGo/internal/svg/text.go:88.2,91.12 4 10
github.com/owulveryck/wardleyToGo/internal/svg/text.go:48.24,53.3 1 4
github.com/owulveryck/wardleyToGo/internal/svg/text.go:54.24,59.3 1 0
github.com/owulveryck/wardleyToGo/internal/svg/text.go:59.8,59.30 1 10
github.com/owulveryck/wardleyToGo/internal/svg/text.go:59.30,64.3 1 0
github.com/owulveryck/wardleyToGo/internal/svg/text.go:65.22,70.3 1 2
github.com/owulveryck/wardleyToGo/internal/svg/text.go:72.21,76.5 1 3
github.com/owulveryck/wardleyToGo/internal/svg/text.go:77.23,81.5 1 2
github.com/owulveryck/wardleyToGo/internal/svg/text.go:82.24,86.5 1 1
github.com/owulveryck/wardleyToGo/annotation.go:20.48,25.2 1 0
github.com/owulveryck/wardleyToGo/annotation.go:27.79,28.38 1 0
github.com/owulveryck/wardleyToGo/annotation.go:50.2,50.12 1 0
github.com/owulveryck/wardleyToGo/annotation.go:28.38,49.3 2 0
github.com/owulveryck/wardleyToGo/annotation.go:53.38,55.2 1 0
github.com/owulveryck/wardleyToGo/map.go:29.31,33.19 4 0
github.com/owulveryck/wardleyToGo/map.go:44.2,46.19 3 0
github.com/owulveryck/wardleyToGo/map.go:51.2,52.19 2 0
github.com/owulveryck/wardleyToGo/map.go:33.19,35.28 2 0
github.com/owulveryck/wardleyToGo/map.go:35.28,40.4 1 0
github.com/owulveryck/wardleyToGo/map.go:40.9,42.4 1 0
github.com/owulveryck/wardleyToGo/map.go:46.19,50.3 2 0
github.com/owulveryck/wardleyToGo/map.go:56.28,62.2 1 1
github.com/owulveryck/wardleyToGo/map.go:65.26,67.2 1 0
github.com/owulveryck/wardleyToGo/map.go:72.41,74.2 1 0
github.com/owulveryck/wardleyToGo/map.go:75.41,77.2 1 0
github.com/owulveryck/wardleyToGo/map.go:83.88,84.21 1 1
github.com/owulveryck/wardleyToGo/map.go:88.2,89.19 2 1
github.com/owulveryck/wardleyToGo/map.go:94.2,95.19 2 1
github.com/owulveryck/wardleyToGo/map.go:84.21,86.3 1 1
github.com/owulveryck/wardleyToGo/map.go:89.19,90.46 1 4
github.com/owulveryck/wardleyToGo/map.go:90.46,92.4 1 4
github.com/owulveryck/wardleyToGo/map.go:95.19,96.46 1 4
github.com/owulveryck/wardleyToGo/map.go:96.46,98.4 1 4
github.com/owulveryck/wardleyToGo/map.go:117.47,118.53 1 4
github.com/owulveryck/wardleyToGo/map.go:121.2,122.12 2 4
github.com/owulveryck/wardleyToGo/map.go:118.53,120.3 1 0
github.com/owulveryck/wardleyToGo/map.go:125.55,128.2 2 4
github.com/owulveryck/wardleyToGo/components/wardley/anchor.go:25.34,30.2 1 0
github.com/owulveryck/wardleyToGo/components/wardley/anchor.go:32.33,34.2 1 0
github.com/owulveryck/wardleyToGo/components/wardley/anchor.go:36.29,38.2 1 0
github.com/owulveryck/wardleyToGo/components/wardley/anchor.go:40.75,54.2 3 0
github.com/owulveryck/wardleyToGo/components/wardley/anchor.go:56.34,58.2 1 0
github.com/owulveryck/wardleyToGo/components/wardley/anchor.go:60.44,62.2 1 0
github.com/owulveryck/wardleyToGo/components/wardley/anchor.go:64.91,76.2 4 0
github.com/owulveryck/wardleyToGo/components/wardley/component.go:37.58,44.2 1 0
github.com/owulveryck/wardleyToGo/components/wardley/component.go:47.40,55.2 1 0
github.com/owulveryck/wardleyToGo/components/wardley/component.go:57.36,59.2 1 0
github.com/owulveryck/wardleyToGo/components/wardley/component.go:62.32,64.2 1 0
github.com/owulveryck/wardleyToGo/components/wardley/component.go:68.94,72.43 3 0
github.com/owulveryck/wardleyToGo/components/wardley/component.go:75.2,75.43 1 0
github.com/owulveryck/wardleyToGo/components/wardley/component.go:78.2,80.16 2 0
github.com/owulveryck/wardleyToGo/components/wardley/component.go:90.2,100.23 4 0
github.com/owulveryck/wardleyToGo/components/wardley/component.go:72.43,74.3 1 0
github.com/owulveryck/wardleyToGo/components/wardley/component.go:75.43,77.3 1 0
github.com/owulveryck/wardleyToGo/components/wardley/component.go:81.22,82.90 1 0
github.com/owulveryck/wardleyToGo/components/wardley/component.go:83.20,84.113 1 0
github.com/owulveryck/wardleyToGo/components/wardley/component.go:85.26,86.113 1 0
github.com/owulveryck/wardleyToGo/components/wardley/component.go:87.28,88.107 1 0
github.com/owulveryck/wardleyToGo/components/wardley/component.go:103.78,105.2 1 0
github.com/owulveryck/wardleyToGo/components/wardley/component.go:107.93,110.43 3 0
github.com/owulveryck/wardleyToGo/components/wardley/component.go:113.2,113.43 1 0
github.com/owulveryck/wardleyToGo/components/wardley/component.go:116.2,118.46 3 0
github.com/owulveryck/wardleyToGo/components/wardley/component.go:121.2,128.16 3 0
github.com/owulveryck/wardleyToGo/components/wardley/component.go:158.2,167.4 3 0
github.com/owulveryck/wardleyToGo/components/wardley/component.go:110.43,112.3 1 0
github.com/owulveryck/wardleyToGo/components/wardley/component.go:113.43,115.3 1 0
github.com/owulveryck/wardleyToGo/components/wardley/component.go:118.46,120.3 1 0
github.com/owulveryck/wardleyToGo/components/wardley/component.go:129.22,135.5 1 0
github.com/owulveryck/wardleyToGo/components/wardley/component.go:136.20,142.5 1 0
github.com/owulveryck/wardleyToGo/components/wardley/component.go:143.26,149.5 1 0
github.com/owulveryck/wardleyToGo/components/wardley/component.go:150.28,155.5 1 0
github.com/owulveryck/wardleyToGo/components/wardley/component.go:170.37,172.2 1 0
github.com/owulveryck/wardleyToGo/components/wardley/component.go:174.47,176.2 1 0
github.com/owulveryck/wardleyToGo/components/wardley/component.go:182.39,184.2 1 0
github.com/owulveryck/wardleyToGo/components/wardley/component.go:186.54,189.2 2 0
github.com/owulveryck/wardleyToGo/components/wardley/component.go:193.101,197.43 3 0
github.com/owulveryck/wardleyToGo/components/wardley/component.go:200.2,200.43 1 0
github.com/owulveryck/wardleyToGo/components/wardley/component.go:203.2,205.16 2 0
github.com/owulveryck/wardleyToGo/components/wardley/component.go:215.2,225.23 4 0
github.com/owulveryck/wardleyToGo/components/wardley/component.go:197.43,199.3 1 0
github.com/owulveryck/wardleyToGo/components/wardley/component.go:200.43,202.3 1 0
github.com/owulveryck/wardleyToGo/components/wardley/component.go:206.22,207.90 1 0
github.com/owulveryck/wardleyToGo/components/wardley/component.go:208.20,209.113 1 0
github.com/owulveryck/wardleyToGo/components/wardley/component.go:210.26,211.113 1 0
github.com/owulveryck/wardleyToGo/components/wardley/component.go:212.28,213.107 1 0
github.com/owulveryck/wardleyToGo/components/wardley/component.go:229.54,231.2 1 0
github.com/owulveryck/wardleyToGo/components/wardley/component.go:233.44,235.2 1 0
github.com/owulveryck/wardleyToGo/components/wardley/component.go:237.85,239.2 1 0
github.com/owulveryck/wardleyToGo/components/wardley/edge.go:26.62,33.2 1 0
github.com/owulveryck/wardleyToGo/components/wardley/edge.go:36.43,38.2 1 0
github.com/owulveryck/wardleyToGo/components/wardley/edge.go:41.41,43.2 1 0
github.com/owulveryck/wardleyToGo/components/wardley/edge.go:51.51,58.2 1 0
github.com/owulveryck/wardleyToGo/components/wardley/edge.go:60.40,62.2 1 0
github.com/owulveryck/wardleyToGo/components/wardley/edge.go:64.56,66.2 1 0
github.com/owulveryck/wardleyToGo/components/wardley/edge.go:68.82,78.16 6 0
github.com/owulveryck/wardleyToGo/components/wardley/edge.go:89.2,89.23 1 0
github.com/owulveryck/wardleyToGo/components/wardley/edge.go:79.19,80.30 1 0
github.com/owulveryck/wardleyToGo/components/wardley/edge.go:81.28,85.31 4 0
github.com/owulveryck/wardleyToGo/components/wardley/edge.go:86.19,87.24 1 0
github.com/owulveryck/wardleyToGo/components/wardley/edge.go:94.98,99.16 5 0
github.com/owulveryck/wardleyToGo/components/wardley/edge.go:100.28,103.76 3 0
github.com/owulveryck/wardleyToGo/components/wardley/edge.go:104.19,106.75 2 0
github.com/owulveryck/wardleyToGo/components/wardley/edge.go:107.10,109.75 2 0
github.com/owulveryck/wardleyToGo/components/collaboration.go:16.42,18.2 1 0
github.com/owulveryck/wardleyToGo/components/collaboration.go:20.50,26.2 1 0
github.com/owulveryck/wardleyToGo/components/collaboration.go:28.40,30.2 1 0
github.com/owulveryck/wardleyToGo/components/collaboration.go:32.55,34.2 1 0
github.com/owulveryck/wardleyToGo/components/utils.go:7.68,12.2 4 7
github.com/owulveryck/wardleyToGo/encoding/svg/octo_style.go:15.58,21.2 2 0
github.com/owulveryck/wardleyToGo/encoding/svg/octo_style.go:23.84,143.45 8 0
github.com/owulveryck/wardleyToGo/encoding/svg/octo_style.go:154.2,205.45 8 0
github.com/owulveryck/wardleyToGo/encoding/svg/octo_style.go:214.2,221.4 1 0
github.com/owulveryck/wardleyToGo/encoding/svg/octo_style.go:143.45,152.3 2 0
github.com/owulveryck/wardleyToGo/encoding/svg/octo_style.go:205.45,213.3 2 0
github.com/owulveryck/wardleyToGo/encoding/svg/sort.go:8.34,10.2 1 0
github.com/owulveryck/wardleyToGo/encoding/svg/sort.go:27.48,30.40 3 0
github.com/owulveryck/wardleyToGo/encoding/svg/sort.go:33.2,33.40 1 0
github.com/owulveryck/wardleyToGo/encoding/svg/sort.go:36.2,36.26 1 0
github.com/owulveryck/wardleyToGo/encoding/svg/sort.go:30.40,32.3 1 0
github.com/owulveryck/wardleyToGo/encoding/svg/sort.go:33.40,35.3 1 0
github.com/owulveryck/wardleyToGo/encoding/svg/sort.go:40.43,42.2 1 0
github.com/owulveryck/wardleyToGo/encoding/svg/style.go:61.64,66.2 1 0
github.com/owulveryck/wardleyToGo/encoding/svg/style.go:78.87,198.45 8 0
github.com/owulveryck/wardleyToGo/encoding/svg/style.go:209.2,250.45 8 0
github.com/owulveryck/wardleyToGo/encoding/svg/style.go:257.2,262.4 1 0
github.com/owulveryck/wardleyToGo/encoding/svg/style.go:198.45,207.3 2 0
github.com/owulveryck/wardleyToGo/encoding/svg/style.go:250.45,256.3 2 0
github.com/owulveryck/wardleyToGo/encoding/svg/encoder.go:23.93,40.2 5 0
github.com/owulveryck/wardleyToGo/encoding/svg/encoder.go:42.27,45.2 2 0
github.com/owulveryck/wardleyToGo/encoding/svg/encoder.go:47.45,49.2 1 0
github.com/owulveryck/wardleyToGo/encoding/svg/encoder.go:51.52,59.19 4 0
github.com/owulveryck/wardleyToGo/encoding/svg/encoder.go:64.2,65.15 2 0
github.com/owulveryck/wardleyToGo/encoding/svg/encoder.go:70.2,73.32 4 0
github.com/owulveryck/wardleyToGo/encoding/svg/encoder.go:104.2,105.12 2 0
github.com/owulveryck/wardleyToGo/encoding/svg/encoder.go:59.19,60.47 1 0
github.com/owulveryck/wardleyToGo/encoding/svg/encoder.go:60.47,62.4 1 0
github.com/owulveryck/wardleyToGo/encoding/svg/encoder.go:65.15,66.43 1 0
github.com/owulveryck/wardleyToGo/encoding/svg/encoder.go:66.43,68.4 1 0
github.com/owulveryck/wardleyToGo/encoding/svg/encoder.go:73.32,74.47 1 0
github.com/owulveryck/wardleyToGo/encoding/svg/encoder.go:82.3,83.43 2 0
github.com/owulveryck/wardleyToGo/encoding/svg/encoder.go:92.3,92.43 1 0
github.com/owulveryck/wardleyToGo/encoding/svg/encoder.go:96.3,97.17 2 0
github.com/owulveryck/wardleyToGo/encoding/svg/encoder.go:100.3,100.15 1 0
github.com/owulveryck/wardleyToGo/encoding/svg/encoder.go:74.47,76.32 2 0
github.com/owulveryck/wardleyToGo/encoding/svg/encoder.go:76.32,80.5 3 0
github.com/owulveryck/wardleyToGo/encoding/svg/encoder.go:83.43,91.4 3 0
github.com/owulveryck/wardleyToGo/encoding/svg/encoder.go:92.43,95.4 2 0
github.com/owulveryck/wardleyToGo/encoding/svg/encoder.go:97.17,99.4 1 0
github.com/owulveryck/wardleyToGo/encoding/svg/encoder.go:100.15,102.4 1 0
github.com/owulveryck/wardleyToGo/encoding/svg/encoder.go:114.41,127.2 1 0
github.com/owulveryck/wardleyToGo/parser/wtg/map.go:9.41,11.36 2 3
github.com/owulveryck/wardleyToGo/parser/wtg/map.go:33.2,33.36 1 3
github.com/owulveryck/wardleyToGo/parser/wtg/map.go:42.2,42.12 1 3
github.com/owulveryck/wardleyToGo/parser/wtg/map.go:11.36,13.17 2 13
github.com/owulveryck/wardleyToGo/parser/wtg/map.go:16.3,16.26 1 13
github.com/owulveryck/wardleyToGo/parser/wtg/map.go:31.3,31.14 1 13
github.com/owulveryck/wardleyToGo/parser/wtg/map.go:13.17,15.4 1 0
github.com/owulveryck/wardleyToGo/parser/wtg/map.go:16.26,22.18 6 3
github.com/owulveryck/wardleyToGo/parser/wtg/map.go:25.4,29.6 1 3
github.com/owulveryck/wardleyToGo/parser/wtg/map.go:22.18,24.5 1 0
github.com/owulveryck/wardleyToGo/parser/wtg/map.go:33.36,34.31 1 10
github.com/owulveryck/wardleyToGo/parser/wtg/map.go:37.3,38.17 2 10
github.com/owulveryck/wardleyToGo/parser/wtg/map.go:34.31,36.4 1 0
github.com/owulveryck/wardleyToGo/parser/wtg/map.go:38.17,40.4 1 0
github.com/owulveryck/wardleyToGo/parser/wtg/parse.go:27.26,35.2 1 20
github.com/owulveryck/wardleyToGo/parser/wtg/parse.go:37.43,39.16 2 0
github.com/owulveryck/wardleyToGo/parser/wtg/parse.go:42.2,42.27 1 0
github.com/owulveryck/wardleyToGo/parser/wtg/parse.go:39.16,41.3 1 0
github.com/owulveryck/wardleyToGo/parser/wtg/parse.go:44.40,47.16 2 3
github.com/owulveryck/wardleyToGo/parser/wtg/parse.go:50.2,50.31 1 2
github.com/owulveryck/wardleyToGo/parser/wtg/parse.go:53.2,54.16 2 1
github.com/owulveryck/wardleyToGo/parser/wtg/parse.go:57.2,58.22 2 1
github.com/owulveryck/wardleyToGo/parser/wtg/parse.go:61.2,61.12 1 1
github.com/owulveryck/wardleyToGo/parser/wtg/parse.go:47.16,49.3 1 1
github.com/owulveryck/wardleyToGo/parser/wtg/parse.go:50.31,52.3 1 1
github.com/owulveryck/wardleyToGo/parser/wtg/parse.go:54.16,56.3 1 0
github.com/owulveryck/wardleyToGo/parser/wtg/parse.go:58.22,60.3 1 0
github.com/owulveryck/wardleyToGo/parser/wtg/parse.go:64.44,68.28 4 15
github.com/owulveryck/wardleyToGo/parser/wtg/parse.go:156.2,156.12 1 12
github.com/owulveryck/wardleyToGo/parser/wtg/parse.go:68.28,69.16 1 161
github.com/owulveryck/wardleyToGo/parser/wtg/parse.go:75.3,75.19 1 159
github.com/owulveryck/wardleyToGo/parser/wtg/parse.go:69.16,70.40 1 2
github.com/owulveryck/wardleyToGo/parser/wtg/parse.go:73.4,73.12 1 2
github.com/owulveryck/wardleyToGo/parser/wtg/parse.go:70.40,72.5 1 1
github.com/owulveryck/wardleyToGo/parser/wtg/parse.go:76.24,77.28 1 40
github.com/owulveryck/wardleyToGo/parser/wtg/parse.go:84.4,84.43 1 29
github.com/owulveryck/wardleyToGo/parser/wtg/parse.go:85.24,86.28 1 13
github.com/owulveryck/wardleyToGo/parser/wtg/parse.go:89.4,89.43 1 11
github.com/owulveryck/wardleyToGo/parser/wtg/parse.go:90.22,91.28 1 13
github.com/owulveryck/wardleyToGo/parser/wtg/parse.go:94.4,95.18 2 12
github.com/owulveryck/wardleyToGo/parser/wtg/parse.go:98.4,101.45 4 12
github.com/owulveryck/wardleyToGo/parser/wtg/parse.go:102.17,102.17 0 12
github.com/owulveryck/wardleyToGo/parser/wtg/parse.go:103.19,103.19 0 31
github.com/owulveryck/wardleyToGo/parser/wtg/parse.go:104.23,104.23 0 9
github.com/owulveryck/wardleyToGo/parser/wtg/parse.go:105.21,105.21 0 1
github.com/owulveryck/wardleyToGo/parser/wtg/parse.go:106.31,107.20 1 1
github.com/owulveryck/wardleyToGo/parser/wtg/parse.go:108.20,108.20 0 0
github.com/owulveryck/wardleyToGo/parser/wtg/parse.go:109.19,110.42 1 0
github.com/owulveryck/wardleyToGo/parser/wtg/parse.go:111.20,111.20 0 0
github.com/owulveryck/wardleyToGo/parser/wtg/parse.go:112.19,113.42 1 0
github.com/owulveryck/wardleyToGo/parser/wtg/parse.go:114.20,114.20 0 0
github.com/owulveryck/wardleyToGo/parser/wtg/parse.go:115.19,116.42 1 0
github.com/owulveryck/wardleyToGo/parser/wtg/parse.go:117.20,117.20 0 0
github.com/owulveryck/wardleyToGo/parser/wtg/parse.go:118.19,119.42 1 0
github.com/owulveryck/wardleyToGo/parser/wtg/parse.go:120.19,120.19 0 0
github.com/owulveryck/wardleyToGo/parser/wtg/parse.go:121.18,122.47 1 0
github.com/owulveryck/wardleyToGo/parser/wtg/parse.go:123.19,123.19 0 0
github.com/owulveryck/wardleyToGo/parser/wtg/parse.go:124.18,125.28 1 0
github.com/owulveryck/wardleyToGo/parser/wtg/parse.go:128.4,128.40 1 0
github.com/owulveryck/wardleyToGo/parser/wtg/parse.go:132.4,132.45 1 0
github.com/owulveryck/wardleyToGo/parser/wtg/parse.go:133.17,134.28 1 7
github.com/owulveryck/wardleyToGo/parser/wtg/parse.go:137.4,137.21 1 7
github.com/owulveryck/wardleyToGo/parser/wtg/parse.go:147.18,147.18 0 7
github.com/owulveryck/wardleyToGo/parser/wtg/parse.go:148.24,149.28 1 12
github.com/owulveryck/wardleyToGo/parser/wtg/parse.go:150.22,150.22 0 12
github.com/owulveryck/wardleyToGo/parser/wtg/parse.go:151.35,151.35 0 1
github.com/owulveryck/wardleyToGo/parser/wtg/parse.go:152.11,153.50 1 0
github.com/owulveryck/wardleyToGo/parser/wtg/parse.go:77.28,82.13 5 11
github.com/owulveryck/wardleyToGo/parser/wtg/parse.go:86.28,88.5 1 2
github.com/owulveryck/wardleyToGo/parser/wtg/parse.go:91.28,93.5 1 1
github.com/owulveryck/wardleyToGo/parser/wtg/parse.go:95.18,97.5 1 0
github.com/owulveryck/wardleyToGo/parser/wtg/parse.go:125.28,127.5 1 0
github.com/owulveryck/wardleyToGo/parser/wtg/parse.go:128.40,130.13 2 0
github.com/owulveryck/wardleyToGo/parser/wtg/parse.go:134.28,136.5 1 0
github.com/owulveryck/wardleyToGo/parser/wtg/parse.go:138.17,139.48 1 3
github.com/owulveryck/wardleyToGo/parser/wtg/parse.go:140.15,141.46 1 2
github.com/owulveryck/wardleyToGo/parser/wtg/parse.go:142.21,143.52 1 2
github.com/owulveryck/wardleyToGo/parser/wtg/parse.go:144.12,145.58 1 0
github.com/owulveryck/wardleyToGo/parser/wtg/parse.go:159.58,160.38 1 40
github.com/owulveryck/wardleyToGo/parser/wtg/parse.go:166.2,166.27 1 40
github.com/owulveryck/wardleyToGo/parser/wtg/parse.go:160.38,165.3 4 23
github.com/owulveryck/wardleyToGo/parser/wtg/parse.go:168.62,174.2 2 11
github.com/owulveryck/wardleyToGo/parser/wtg/rune_stack.go:12.31,14.2 1 43
github.com/owulveryck/wardleyToGo/parser/wtg/rune_stack.go:16.34,18.20 2 13706
github.com/owulveryck/wardleyToGo/parser/wtg/rune_stack.go:18.20,20.3 1 912
github.com/owulveryck/wardleyToGo/parser/wtg/rune_stack.go:20.8,23.3 2 12852
github.com/owulveryck/wardleyToGo/parser/wtg/rune_stack.go:26.32,27.20 1 1635
github.com/owulveryck/wardleyToGo/parser/wtg/rune_stack.go:27.20,29.3 1 0
github.com/owulveryck/wardleyToGo/parser/wtg/rune_stack.go:29.8,33.3 3 1635
github.com/owulveryck/wardleyToGo/parser/wtg/rune_stack.go:36.29,38.2 1 706
github.com/owulveryck/wardleyToGo/parser/wtg/states.go:8.37,9.32 1 213
github.com/owulveryck/wardleyToGo/parser/wtg/states.go:12.2,13.25 2 213
github.com/owulveryck/wardleyToGo/parser/wtg/states.go:17.2,17.33 1 194
github.com/owulveryck/wardleyToGo/parser/wtg/states.go:9.32,11.3 1 322
github.com/owulveryck/wardleyToGo/parser/wtg/states.go:13.25,16.3 2 19
github.com/owulveryck/wardleyToGo/parser/wtg/states.go:20.44,21.45 1 6
github.com/owulveryck/wardleyToGo/parser/wtg/states.go:36.2,36.19 1 0
github.com/owulveryck/wardleyToGo/parser/wtg/states.go:21.45,22.26 1 91
github.com/owulveryck/wardleyToGo/parser/wtg/states.go:26.3,27.26 2 90
github.com/owulveryck/wardleyToGo/parser/wtg/states.go:22.26,25.4 2 1
github.com/owulveryck/wardleyToGo/parser/wtg/states.go:27.26,28.30 1 5
github.com/owulveryck/wardleyToGo/parser/wtg/states.go:31.4,33.21 3 5
github.com/owulveryck/wardleyToGo/parser/wtg/states.go:28.30,30.5 1 2
github.com/owulveryck/wardleyToGo/parser/wtg/states.go:38.46,39.23 1 5
github.com/owulveryck/wardleyToGo/parser/wtg/states.go:42.2,44.19 3 5
github.com/owulveryck/wardleyToGo/parser/wtg/states.go:39.23,41.3 1 65
github.com/owulveryck/wardleyToGo/parser/wtg/states.go:47.51,49.25 2 203
github.com/owulveryck/wardleyToGo/parser/wtg/states.go:50.11,51.25 1 19
github.com/owulveryck/wardleyToGo/parser/wtg/states.go:52.11,53.24 1 17
github.com/owulveryck/wardleyToGo/parser/wtg/states.go:54.11,57.20 3 33
github.com/owulveryck/wardleyToGo/parser/wtg/states.go:58.11,61.20 3 17
github.com/owulveryck/wardleyToGo/parser/wtg/states.go:62.11,65.20 3 17
github.com/owulveryck/wardleyToGo/parser/wtg/states.go:66.11,67.22 1 9
github.com/owulveryck/wardleyToGo/parser/wtg/states.go:73.3,73.22 1 6
github.com/owulveryck/wardleyToGo/parser/wtg/states.go:79.3,81.20 3 1
github.com/owulveryck/wardleyToGo/parser/wtg/states.go:82.11,83.22 1 4
github.com/owulveryck/wardleyToGo/parser/wtg/states.go:89.3,91.20 3 1
github.com/owulveryck/wardleyToGo/parser/wtg/states.go:99.15,100.13 1 0
github.com/owulveryck/wardleyToGo/parser/wtg/states.go:101.10,102.19 1 87
github.com/owulveryck/wardleyToGo/parser/wtg/states.go:67.22,72.4 4 3
github.com/owulveryck/wardleyToGo/parser/wtg/states.go:73.22,78.4 4 5
github.com/owulveryck/wardleyToGo/parser/wtg/states.go:83.22,88.4 4 3
github.com/owulveryck/wardleyToGo/parser/wtg/states.go:106.36,107.55 1 87
github.com/owulveryck/wardleyToGo/parser/wtg/states.go:115.2,116.21 2 86
github.com/owulveryck/wardleyToGo/parser/wtg/states.go:138.2,139.19 2 71
github.com/owulveryck/wardleyToGo/parser/wtg/states.go:107.55,110.73 1 12209
github.com/owulveryck/wardleyToGo/parser/wtg/states.go:113.3,113.11 1 12202
github.com/owulveryck/wardleyToGo/parser/wtg/states.go:110.73,111.9 1 17
github.com/owulveryck/wardleyToGo/parser/wtg/states.go:117.16,118.20 1 0
github.com/owulveryck/wardleyToGo/parser/wtg/states.go:119.16,120.20 1 0
github.com/owulveryck/wardleyToGo/parser/wtg/states.go:121.16,122.20 1 0
github.com/owulveryck/wardleyToGo/parser/wtg/states.go:123.16,124.20 1 0
github.com/owulveryck/wardleyToGo/parser/wtg/states.go:125.10,126.23 1 0
github.com/owulveryck/wardleyToGo/parser/wtg/states.go:127.15,128.20 1 1
github.com/owulveryck/wardleyToGo/parser/wtg/states.go:129.15,130.20 1 2
github.com/owulveryck/wardleyToGo/parser/wtg/states.go:131.14,132.19 1 12
github.com/owulveryck/wardleyToGo/parser/wtg/states.go:133.19,134.25 1 10
github.com/owulveryck/wardleyToGo/parser/wtg/states.go:135.10,136.26 1 61
github.com/owulveryck/wardleyToGo/parser/wtg/states.go:142.37,144.21 2 0
github.com/owulveryck/wardleyToGo/parser/wtg/states.go:183.2,186.19 3 0
github.com/owulveryck/wardleyToGo/parser/wtg/states.go:144.21,145.22 1 0
github.com/owulveryck/wardleyToGo/parser/wtg/states.go:159.3,163.33 4 0
github.com/owulveryck/wardleyToGo/parser/wtg/states.go:166.3,167.69 2 0
github.com/owulveryck/wardleyToGo/parser/wtg/states.go:170.3,170.16 1 0
github.com/owulveryck/wardleyToGo/parser/wtg/states.go:180.3,181.20 2 0
github.com/owulveryck/wardleyToGo/parser/wtg/states.go:146.17,148.23 2 0
github.com/owulveryck/wardleyToGo/parser/wtg/states.go:149.17,151.23 2 0
github.com/owulveryck/wardleyToGo/parser/wtg/states.go:152.17,154.23 2 0
github.com/owulveryck/wardleyToGo/parser/wtg/states.go:155.17,157.23 2 0
github.com/owulveryck/wardleyToGo/parser/wtg/states.go:163.33,165.4 1 0
github.com/owulveryck/wardleyToGo/parser/wtg/states.go:167.69,169.4 1 0
github.com/owulveryck/wardleyToGo/parser/wtg/states.go:171.10,172.22 1 0
github.com/owulveryck/wardleyToGo/parser/wtg/states.go:173.10,174.22 1 0
github.com/owulveryck/wardleyToGo/parser/wtg/states.go:175.10,176.22 1 0
github.com/owulveryck/wardleyToGo/parser/wtg/states.go:177.10,178.22 1 0
github.com/owulveryck/wardleyToGo/parser/wtg/states.go:189.36,190.21 1 12
github.com/owulveryck/wardleyToGo/parser/wtg/states.go:207.2,210.19 3 0
github.com/owulveryck/wardleyToGo/parser/wtg/states.go:190.21,196.33 5 12
github.com/owulveryck/wardleyToGo/parser/wtg/states.go:199.3,200.34 2 12
github.com/owulveryck/wardleyToGo/parser/wtg/states.go:203.3,205.20 3 12
github.com/owulveryck/wardleyToGo/parser/wtg/states.go:196.33,198.4 1 12
github.com/owulveryck/wardleyToGo/parser/wtg/states.go:200.34,202.4 1 68
github.com/owulveryck/wardleyToGo/parser/wtg/states.go:213.37,214.21 1 2
github.com/owulveryck/wardleyToGo/parser/wtg/states.go:231.2,234.19 3 0
github.com/owulveryck/wardleyToGo/parser/wtg/states.go:214.21,220.33 5 2
github.com/owulveryck/wardleyToGo/parser/wtg/states.go:223.3,224.69 2 2
github.com/owulveryck/wardleyToGo/parser/wtg/states.go:227.3,229.20 3 2
github.com/owulveryck/wardleyToGo/parser/wtg/states.go:220.33,222.4 1 2
github.com/owulveryck/wardleyToGo/parser/wtg/states.go:224.69,226.4 1 19
github.com/owulveryck/wardleyToGo/parser/wtg/states.go:237.37,238.21 1 1
github.com/owulveryck/wardleyToGo/parser/wtg/states.go:255.2,258.19 3 0
github.com/owulveryck/wardleyToGo/parser/wtg/states.go:238.21,244.33 5 1
github.com/owulveryck/wardleyToGo/parser/wtg/states.go:247.3,248.34 2 1
github.com/owulveryck/wardleyToGo/parser/wtg/states.go:251.3,253.20 3 1
github.com/owulveryck/wardleyToGo/parser/wtg/states.go:244.33,246.4 1 1
github.com/owulveryck/wardleyToGo/parser/wtg/states.go:248.34,250.4 1 3
github.com/owulveryck/wardleyToGo/parser/wtg/states.go:261.42,262.22 1 19
github.com/owulveryck/wardleyToGo/parser/wtg/states.go:265.2,266.19 2 19
github.com/owulveryck/wardleyToGo/parser/wtg/states.go:262.22,264.3 1 14
github.com/owulveryck/wardleyToGo/parser/wtg/states.go:269.41,273.39 2 21
github.com/owulveryck/wardleyToGo/parser/wtg/states.go:278.2,280.19 3 18
github.com/owulveryck/wardleyToGo/parser/wtg/states.go:273.39,277.3 3 3
github.com/owulveryck/wardleyToGo/parser/wtg/states.go:283.51,284.83 1 13924
github.com/owulveryck/wardleyToGo/parser/wtg/states.go:287.2,287.14 1 70
github.com/owulveryck/wardleyToGo/parser/wtg/states.go:284.83,286.3 1 13912
github.com/owulveryck/wardleyToGo/parser/wtg/lex.go:59.51,67.2 1 43
github.com/owulveryck/wardleyToGo/parser/wtg/lex.go:70.25,73.19 2 17
github.com/owulveryck/wardleyToGo/parser/wtg/lex.go:76.2,77.12 2 17
github.com/owulveryck/wardleyToGo/parser/wtg/lex.go:73.19,75.3 1 2
github.com/owulveryck/wardleyToGo/parser/wtg/lex.go:81.34,83.2 1 56763
github.com/owulveryck/wardleyToGo/parser/wtg/lex.go:85.36,88.2 2 56453
github.com/owulveryck/wardleyToGo/parser/wtg/lex.go:92.35,100.2 4 266
github.com/owulveryck/wardleyToGo/parser/wtg/lex.go:105.26,108.2 2 440
github.com/owulveryck/wardleyToGo/parser/wtg/lex.go:112.33,119.2 5 91
github.com/owulveryck/wardleyToGo/parser/wtg/lex.go:123.29,128.2 3 1344
github.com/owulveryck/wardleyToGo/parser/wtg/lex.go:133.26,135.17 2 1635
github.com/owulveryck/wardleyToGo/parser/wtg/lex.go:135.17,138.27 3 1590
github.com/owulveryck/wardleyToGo/parser/wtg/lex.go:138.27,140.4 1 0
github.com/owulveryck/wardleyToGo/parser/wtg/lex.go:146.29,152.19 3 16994
github.com/owulveryck/wardleyToGo/parser/wtg/lex.go:157.2,160.10 3 17021
github.com/owulveryck/wardleyToGo/parser/wtg/lex.go:152.19,154.3 1 13689
github.com/owulveryck/wardleyToGo/parser/wtg/lex.go:154.8,156.3 1 3361
github.com/owulveryck/wardleyToGo/parser/wtg/lex.go:166.36,168.37 2 21
github.com/owulveryck/wardleyToGo/parser/wtg/lex.go:171.2,171.12 1 21
github.com/owulveryck/wardleyToGo/parser/wtg/lex.go:168.37,170.3 1 378
github.com/owulveryck/wardleyToGo/parser/wtg/lex.go:176.44,177.31 1 0
github.com/owulveryck/wardleyToGo/parser/wtg/lex.go:177.31,179.3 1 0
github.com/owulveryck/wardleyToGo/parser/wtg/lex.go:179.8,181.3 1 0
github.com/owulveryck/wardleyToGo/parser/wtg/lex.go:186.23,188.19 2 17
github.com/owulveryck/wardleyToGo/parser/wtg/lex.go:191.2,191.17 1 16
github.com/owulveryck/wardleyToGo/parser/wtg/lex.go:188.19,190.3 1 543
github.com/owulveryck/wardleyToGo/parser/wtg/coords.go:13.59,30.22 11 25
github.com/owulveryck/wardleyToGo/parser/wtg/coords.go:57.2,57.24 1 23
github.com/owulveryck/wardleyToGo/parser/wtg/coords.go:60.2,60.12 1 21
github.com/owulveryck/wardleyToGo/parser/wtg/coords.go:63.2,63.13 1 19
github.com/owulveryck/wardleyToGo/parser/wtg/coords.go:66.2,67.24 2 18
github.com/owulveryck/wardleyToGo/parser/wtg/coords.go:72.2,73.43 2 18
github.com/owulveryck/wardleyToGo/parser/wtg/coords.go:77.2,77.57 1 18
github.com/owulveryck/wardleyToGo/parser/wtg/coords.go:80.2,80.73 1 17
github.com/owulveryck/wardleyToGo/parser/wtg/coords.go:30.22,31.12 1 458
github.com/owulveryck/wardleyToGo/parser/wtg/coords.go:32.12,35.12 3 118
github.com/owulveryck/wardleyToGo/parser/wtg/coords.go:36.12,40.27 4 21
github.com/owulveryck/wardleyToGo/parser/wtg/coords.go:41.12,45.27 4 8
github.com/owulveryck/wardleyToGo/parser/wtg/coords.go:46.11,48.25 2 311
github.com/owulveryck/wardleyToGo/parser/wtg/coords.go:51.4,51.36 1 310
github.com/owulveryck/wardleyToGo/parser/wtg/coords.go:54.4,54.27 1 309
github.com/owulveryck/wardleyToGo/parser/wtg/coords.go:48.25,50.5 1 1
github.com/owulveryck/wardleyToGo/parser/wtg/coords.go:51.36,53.5 1 1
github.com/owulveryck/wardleyToGo/parser/wtg/coords.go:57.24,59.3 1 2
github.com/owulveryck/wardleyToGo/parser/wtg/coords.go:60.12,62.3 1 2
github.com/owulveryck/wardleyToGo/parser/wtg/coords.go:63.13,65.3 1 1
github.com/owulveryck/wardleyToGo/parser/wtg/coords.go:67.24,71.3 2 18
github.com/owulveryck/wardleyToGo/parser/wtg/coords.go:73.43,76.3 2 5
github.com/owulveryck/wardleyToGo/parser/wtg/coords.go:77.57,79.3 1 1
github.com/owulveryck/wardleyToGo/parser/wtg/coords.go:86.31,88.2 1 0
github.com/owulveryck/wardleyToGo/parser/wtg/coords.go:91.36,93.2 1 0
github.com/owulveryck/wardleyToGo/parser/wtg/coords.go:96.41,99.50 3 0
github.com/owulveryck/wardleyToGo/parser/wtg/coords.go:102.2,102.57 1 0
github.com/owulveryck/wardleyToGo/parser/wtg/coords.go:105.2,105.50 1 0
github.com/owulveryck/wardleyToGo/parser/wtg/coords.go:108.2,108.57 1 0
github.com/owulveryck/wardleyToGo/parser/wtg/coords.go:111.2,111.24 1 0
github.com/owulveryck/wardleyToGo/parser/wtg/coords.go:99.50,101.3 1 0
github.com/owulveryck/wardleyToGo/parser/wtg/coords.go:102.57,104.3 1 0
github.com/owulveryck/wardleyToGo/parser/wtg/coords.go:105.50,107.3 1 0
github.com/owulveryck/wardleyToGo/parser/wtg/coords.go:108.57,110.3 1 0
github.com/owulveryck/wardleyToGo/parser/wtg/coords.go:114.29,119.34 5 0
github.com/owulveryck/wardleyToGo/parser/wtg/coords.go:125.2,127.39 2 0
github.com/owulveryck/wardleyToGo/parser/wtg/coords.go:144.2,144.35 1 0
github.com/owulveryck/wardleyToGo/parser/wtg/coords.go:155.2,156.21 2 0
github.com/owulveryck/wardleyToGo/parser/wtg/coords.go:119.34,123.3 3 0
github.com/owulveryck/wardleyToGo/parser/wtg/coords.go:127.39,131.22 3 0
github.com/owulveryck/wardleyToGo/parser/wtg/coords.go:131.22,133.28 2 0
github.com/owulveryck/wardleyToGo/parser/wtg/coords.go:133.28,134.44 1 0
github.com/owulveryck/wardleyToGo/parser/wtg/coords.go:137.5,137.51 1 0
github.com/owulveryck/wardleyToGo/parser/wtg/coords.go:134.44,136.6 1 0
github.com/owulveryck/wardleyToGo/parser/wtg/coords.go:137.51,139.6 1 0
github.com/owulveryck/wardleyToGo/parser/wtg/coords.go:144.35,146.35 1 0
github.com/owulveryck/wardleyToGo/parser/wtg/coords.go:146.35,147.55 1 0
github.com/owulveryck/wardleyToGo/parser/wtg/coords.go:150.4,150.62 1 0
github.com/owulveryck/wardleyToGo/parser/wtg/coords.go:147.55,149.5 1 0
github.com/owulveryck/wardleyToGo/parser/wtg/coords.go:150.62,152.5 1 0
github.com/owulveryck/wardleyToGo/parser/wtg/coords.go:156.21,160.34 3 0
github.com/owulveryck/wardleyToGo/parser/wtg/coords.go:160.34,163.36 3 0
github.com/owulveryck/wardleyToGo/parser/wtg/coords.go:163.36,164.52 1 0
github.com/owulveryck/wardleyToGo/parser/wtg/coords.go:167.5,167.59 1 0
github.com/owulveryck/wardleyToGo/parser/wtg/coords.go:164.52,166.6 1 0
github.com/owulveryck/wardleyToGo/parser/wtg/coords.go:167.59,169.6 1 0
github.com/owulveryck/wardleyToGo/parser/wtg/coords.go:175.29,180.26 5 6
github.com/owulveryck/wardleyToGo/parser/wtg/coords.go:196.2,200.26 3 6
github.com/owulveryck/wardleyToGo/parser/wtg/coords.go:180.26,181.27 1 7
github.com/owulveryck/wardleyToGo/parser/wtg/coords.go:181.27,183.31 2 17
github.com/owulveryck/wardleyToGo/parser/wtg/coords.go:183.31,185.38 2 17
github.com/owulveryck/wardleyToGo/parser/wtg/coords.go:189.5,189.37 1 17
github.com/owulveryck/wardleyToGo/parser/wtg/coords.go:185.38,188.6 2 42
github.com/owulveryck/wardleyToGo/parser/wtg/coords.go:189.37,191.6 1 6
github.com/owulveryck/wardleyToGo/parser/wtg/coords.go:200.26,202.3 1 7
github.com/owulveryck/wardleyToGo/parser/wtg/coords.go:209.86,212.20 3 35
github.com/owulveryck/wardleyToGo/parser/wtg/coords.go:212.20,213.43 1 28
github.com/owulveryck/wardleyToGo/parser/wtg/coords.go:214.27,215.101 1 23
github.com/owulveryck/wardleyToGo/parser/wtg/coords.go:216.34,217.111 1 5
github.com/owulveryck/wardleyToGo/parser/wtg/graph_utils.go:8.57,11.19 3 6
github.com/owulveryck/wardleyToGo/parser/wtg/graph_utils.go:22.2,22.12 1 6
github.com/owulveryck/wardleyToGo/parser/wtg/graph_utils.go:11.19,13.32 2 26
github.com/owulveryck/wardleyToGo/parser/wtg/graph_utils.go:13.32,14.25 1 12
github.com/owulveryck/wardleyToGo/parser/wtg/graph_utils.go:15.28,16.25 1 9
github.com/owulveryck/wardleyToGo/parser/wtg/graph_utils.go:17.35,18.35 1 3
github.com/owulveryck/wardleyToGo/parser/wtg/graph_utils.go:25.56,28.19 3 6
github.com/owulveryck/wardleyToGo/parser/wtg/graph_utils.go:39.2,39.12 1 6
github.com/owulveryck/wardleyToGo/parser/wtg/graph_utils.go:28.19,30.30 2 26
github.com/owulveryck/wardleyToGo/parser/wtg/graph_utils.go:30.30,31.25 1 7
github.com/owulveryck/wardleyToGo/parser/wtg/graph_utils.go:32.28,33.25 1 7
github.com/owulveryck/wardleyToGo/parser/wtg/graph_utils.go:34.35,35.35 1 0
github.com/owulveryck/wardleyToGo/parser/owm/parser.go:28.37,53.2 4 3
github.com/owulveryck/wardleyToGo/parser/owm/parser.go:55.52,68.62 2 3
github.com/owulveryck/wardleyToGo/parser/owm/parser.go:88.2,89.16 2 3
github.com/owulveryck/wardleyToGo/parser/owm/parser.go:92.2,93.16 2 3
github.com/owulveryck/wardleyToGo/parser/owm/parser.go:96.2,101.8 1 1
github.com/owulveryck/wardleyToGo/parser/owm/parser.go:68.62,69.18 1 41
github.com/owulveryck/wardleyToGo/parser/owm/parser.go:72.3,72.49 1 34
github.com/owulveryck/wardleyToGo/parser/owm/parser.go:79.3,80.17 2 13
github.com/owulveryck/wardleyToGo/parser/owm/parser.go:83.3,83.24 1 13
github.com/owulveryck/wardleyToGo/parser/owm/parser.go:69.18,70.12 1 7
github.com/owulveryck/wardleyToGo/parser/owm/parser.go:72.49,74.18 2 21
github.com/owulveryck/wardleyToGo/parser/owm/parser.go:77.4,77.12 1 21
github.com/owulveryck/wardleyToGo/parser/owm/parser.go:74.18,76.5 1 0
github.com/owulveryck/wardleyToGo/parser/owm/parser.go:80.17,82.4 1 3
github.com/owulveryck/wardleyToGo/parser/owm/parser.go:84.13,85.32 1 10
github.com/owulveryck/wardleyToGo/parser/owm/parser.go:89.16,91.3 1 0
github.com/owulveryck/wardleyToGo/parser/owm/parser.go:93.16,95.3 1 2
github.com/owulveryck/wardleyToGo/parser/owm/parser.go:104.73,109.77 4 13
github.com/owulveryck/wardleyToGo/parser/owm/parser.go:130.2,130.23 1 13
github.com/owulveryck/wardleyToGo/parser/owm/parser.go:134.2,134.82 1 3
github.com/owulveryck/wardleyToGo/parser/owm/parser.go:109.77,110.27 1 62
github.com/owulveryck/wardleyToGo/parser/owm/parser.go:114.3,114.17 1 62
github.com/owulveryck/wardleyToGo/parser/owm/parser.go:118.3,118.17 1 62
github.com/owulveryck/wardleyToGo/parser/owm/parser.go:110.27,113.4 2 36
github.com/owulveryck/wardleyToGo/parser/owm/parser.go:114.17,117.4 2 10
github.com/owulveryck/wardleyToGo/parser/owm/parser.go:118.17,119.45 1 10
github.com/owulveryck/wardleyToGo/parser/owm/parser.go:127.4,127.13 1 10
github.com/owulveryck/wardleyToGo/parser/owm/parser.go:120.25,121.38 1 3
github.com/owulveryck/wardleyToGo/parser/owm/parser.go:122.24,123.37 1 1
github.com/owulveryck/wardleyToGo/parser/owm/parser.go:124.23,125.36 1 1
github.com/owulveryck/wardleyToGo/parser/owm/parser.go:130.23,133.3 2 10
github.com/owulveryck/wardleyToGo/parser/owm/teamtopologies.go:13.48,19.77 6 4
github.com/owulveryck/wardleyToGo/parser/owm/teamtopologies.go:54.2,56.18 3 4
github.com/owulveryck/wardleyToGo/parser/owm/teamtopologies.go:19.77,20.32 1 44
github.com/owulveryck/wardleyToGo/parser/owm/teamtopologies.go:24.3,24.17 1 44
github.com/owulveryck/wardleyToGo/parser/owm/teamtopologies.go:27.3,27.38 1 44
github.com/owulveryck/wardleyToGo/parser/owm/teamtopologies.go:31.3,31.27 1 44
github.com/owulveryck/wardleyToGo/parser/owm/teamtopologies.go:20.32,22.9 1 0
github.com/owulveryck/wardleyToGo/parser/owm/teamtopologies.go:24.17,26.4 1 4
github.com/owulveryck/wardleyToGo/parser/owm/teamtopologies.go:27.38,30.4 2 8
github.com/owulveryck/wardleyToGo/parser/owm/teamtopologies.go:31.27,33.18 2 16
github.com/owulveryck/wardleyToGo/parser/owm/teamtopologies.go:36.4,36.46 1 16
github.com/owulveryck/wardleyToGo/parser/owm/teamtopologies.go:40.4,40.46 1 12
github.com/owulveryck/wardleyToGo/parser/owm/teamtopologies.go:44.4,44.46 1 8
github.com/owulveryck/wardleyToGo/parser/owm/teamtopologies.go:48.4,48.46 1 4
github.com/owulveryck/wardleyToGo/parser/owm/teamtopologies.go:33.18,35.5 1 0
github.com/owulveryck/wardleyToGo/parser/owm/teamtopologies.go:36.46,38.13 2 4
github.com/owulveryck/wardleyToGo/parser/owm/teamtopologies.go:40.46,42.13 2 4
github.com/owulveryck/wardleyToGo/parser/owm/teamtopologies.go:44.46,46.13 2 4
github.com/owulveryck/wardleyToGo/parser/owm/teamtopologies.go:48.46,50.13 2 4
github.com/owulveryck/wardleyToGo/parser/owm/teamtopologies.go:60.45,62.16 2 1
github.com/owulveryck/wardleyToGo/parser/owm/teamtopologies.go:65.2,68.12 4 1
github.com/owulveryck/wardleyToGo/parser/owm/teamtopologies.go:62.16,64.3 1 0
github.com/owulveryck/wardleyToGo/parser/owm/teamtopologies.go:71.40,73.16 2 1
github.com/owulveryck/wardleyToGo/parser/owm/teamtopologies.go:76.2,79.12 4 1
github.com/owulveryck/wardleyToGo/parser/owm/teamtopologies.go:73.16,75.3 1 0
github.com/owulveryck/wardleyToGo/parser/owm/teamtopologies.go:82.40,84.16 2 1
github.com/owulveryck/wardleyToGo/parser/owm/teamtopologies.go:87.2,90.12 4 1
github.com/owulveryck/wardleyToGo/parser/owm/teamtopologies.go:84.16,86.3 1 0
github.com/owulveryck/wardleyToGo/parser/owm/teamtopologies.go:93.52,95.16 2 1
github.com/owulveryck/wardleyToGo/parser/owm/teamtopologies.go:98.2,101.12 4 1
github.com/owulveryck/wardleyToGo/parser/owm/teamtopologies.go:95.16,97.3 1 0
github.com/owulveryck/wardleyToGo/parser/owm/title.go:8.37,11.77 3 1
github.com/owulveryck/wardleyToGo/parser/owm/title.go:18.2,19.12 2 1
github.com/owulveryck/wardleyToGo/parser/owm/title.go:11.77,12.32 1 2
github.com/owulveryck/wardleyToGo/parser/owm/title.go:15.3,16.21 2 2
github.com/owulveryck/wardleyToGo/parser/owm/title.go:12.32,13.9 1 0
github.com/owulveryck/wardleyToGo/parser/owm/annotation.go:14.42,18.77 4 2
github.com/owulveryck/wardleyToGo/parser/owm/annotation.go:39.2,39.14 1 2
github.com/owulveryck/wardleyToGo/parser/owm/annotation.go:42.2,42.44 1 2
github.com/owulveryck/wardleyToGo/parser/owm/annotation.go:45.2,45.38 1 2
github.com/owulveryck/wardleyToGo/parser/owm/annotation.go:48.2,50.12 3 2
github.com/owulveryck/wardleyToGo/parser/owm/annotation.go:18.77,19.37 1 34
github.com/owulveryck/wardleyToGo/parser/owm/annotation.go:26.3,26.27 1 34
github.com/owulveryck/wardleyToGo/parser/owm/annotation.go:34.3,34.27 1 34
github.com/owulveryck/wardleyToGo/parser/owm/annotation.go:19.37,21.18 2 2
github.com/owulveryck/wardleyToGo/parser/owm/annotation.go:24.4,24.36 1 2
github.com/owulveryck/wardleyToGo/parser/owm/annotation.go:21.18,23.5 1 0
github.com/owulveryck/wardleyToGo/parser/owm/annotation.go:26.27,28.18 2 6
github.com/owulveryck/wardleyToGo/parser/owm/annotation.go:31.4,32.30 2 6
github.com/owulveryck/wardleyToGo/parser/owm/annotation.go:28.18,30.5 1 0
github.com/owulveryck/wardleyToGo/parser/owm/annotation.go:34.27,37.4 2 14
github.com/owulveryck/wardleyToGo/parser/owm/annotation.go:39.14,41.3 1 0
github.com/owulveryck/wardleyToGo/parser/owm/annotation.go:42.44,44.3 1 0
github.com/owulveryck/wardleyToGo/parser/owm/annotation.go:45.38,47.3 1 3
github.com/owulveryck/wardleyToGo/parser/owm/annotation.go:53.43,55.77 2 1
github.com/owulveryck/wardleyToGo/parser/owm/annotation.go:65.2,66.12 2 1
github.com/owulveryck/wardleyToGo/parser/owm/annotation.go:55.77,56.27 1 5
github.com/owulveryck/wardleyToGo/parser/owm/annotation.go:56.27,58.18 2 2
github.com/owulveryck/wardleyToGo/parser/owm/annotation.go:61.4,62.30 2 2
github.com/owulveryck/wardleyToGo/parser/owm/annotation.go:58.18,60.5 1 0
github.com/owulveryck/wardleyToGo/parser/owm/edge.go:20.33,22.2 1 0
github.com/owulveryck/wardleyToGo/parser/owm/edge.go:24.41,32.2 1 0
github.com/owulveryck/wardleyToGo/parser/owm/edge.go:34.31,36.2 1 0
github.com/owulveryck/wardleyToGo/parser/owm/edge.go:38.38,40.16 2 3
github.com/owulveryck/wardleyToGo/parser/owm/edge.go:43.2,44.16 2 1
github.com/owulveryck/wardleyToGo/parser/owm/edge.go:47.2,48.16 2 1
github.com/owulveryck/wardleyToGo/parser/owm/edge.go:51.2,52.15 2 1
github.com/owulveryck/wardleyToGo/parser/owm/edge.go:57.2,57.12 1 1
github.com/owulveryck/wardleyToGo/parser/owm/edge.go:40.16,42.3 1 2
github.com/owulveryck/wardleyToGo/parser/owm/edge.go:44.16,46.3 1 0
github.com/owulveryck/wardleyToGo/parser/owm/edge.go:48.16,50.3 1 0
github.com/owulveryck/wardleyToGo/parser/owm/edge.go:52.15,53.53 1 14
github.com/owulveryck/wardleyToGo/parser/owm/edge.go:53.53,55.4 1 14
github.com/owulveryck/wardleyToGo/parser/owm/edge.go:60.45,62.31 2 3
github.com/owulveryck/wardleyToGo/parser/owm/edge.go:79.2,79.12 1 1
github.com/owulveryck/wardleyToGo/parser/owm/edge.go:62.31,64.10 2 10
github.com/owulveryck/wardleyToGo/parser/owm/edge.go:67.3,68.10 2 10
github.com/owulveryck/wardleyToGo/parser/owm/edge.go:71.3,76.5 1 8
github.com/owulveryck/wardleyToGo/parser/owm/edge.go:64.10,66.4 1 0
github.com/owulveryck/wardleyToGo/parser/owm/edge.go:68.10,70.4 1 2
github.com/owulveryck/wardleyToGo/parser/owm/edge.go:82.55,84.50 1 1
github.com/owulveryck/wardleyToGo/parser/owm/edge.go:95.2,95.12 1 1
github.com/owulveryck/wardleyToGo/parser/owm/edge.go:84.50,86.10 2 2
github.com/owulveryck/wardleyToGo/parser/owm/edge.go:89.3,93.5 1 2
github.com/owulveryck/wardleyToGo/parser/owm/edge.go:86.10,88.4 1 0
github.com/owulveryck/wardleyToGo/parser/owm/edge.go:98.46,100.50 1 1
github.com/owulveryck/wardleyToGo/parser/owm/edge.go:124.2,124.12 1 1
github.com/owulveryck/wardleyToGo/parser/owm/edge.go:100.50,102.10 2 2
github.com/owulveryck/wardleyToGo/parser/owm/edge.go:105.3,106.21 2 2
github.com/owulveryck/wardleyToGo/parser/owm/edge.go:114.3,115.19 2 2
github.com/owulveryck/wardleyToGo/parser/owm/edge.go:102.10,104.4 1 0
github.com/owulveryck/wardleyToGo/parser/owm/edge.go:106.21,113.4 2 1
github.com/owulveryck/wardleyToGo/parser/owm/edge.go:115.19,122.4 2 3
github.com/owulveryck/wardleyToGo/parser/owm/evolve.go:13.38,15.16 2 2
github.com/owulveryck/wardleyToGo/parser/owm/evolve.go:18.2,20.12 3 2
github.com/owulveryck/wardleyToGo/parser/owm/evolve.go:15.16,17.3 1 0
github.com/owulveryck/wardleyToGo/parser/owm/evolve.go:23.82,27.68 4 12
github.com/owulveryck/wardleyToGo/parser/owm/evolve.go:33.2,33.73 1 12
github.com/owulveryck/wardleyToGo/parser/owm/evolve.go:86.2,87.15 2 11
github.com/owulveryck/wardleyToGo/parser/owm/evolve.go:27.68,28.20 1 21
github.com/owulveryck/wardleyToGo/parser/owm/evolve.go:31.3,31.12 1 21
github.com/owulveryck/wardleyToGo/parser/owm/evolve.go:28.20,30.4 1 7
github.com/owulveryck/wardleyToGo/parser/owm/evolve.go:33.73,34.14 1 70
github.com/owulveryck/wardleyToGo/parser/owm/evolve.go:84.3,84.16 1 56
github.com/owulveryck/wardleyToGo/parser/owm/evolve.go:35.12,36.19 1 4
github.com/owulveryck/wardleyToGo/parser/owm/evolve.go:37.22,39.20 2 31
github.com/owulveryck/wardleyToGo/parser/owm/evolve.go:40.22,44.18 4 5
github.com/owulveryck/wardleyToGo/parser/owm/evolve.go:47.4,47.50 1 5
github.com/owulveryck/wardleyToGo/parser/owm/evolve.go:51.12,52.19 1 6
github.com/owulveryck/wardleyToGo/parser/owm/evolve.go:53.12,54.46 1 6
github.com/owulveryck/wardleyToGo/parser/owm/evolve.go:66.20,68.22 2 8
github.com/owulveryck/wardleyToGo/parser/owm/evolve.go:71.4,72.18 2 8
github.com/owulveryck/wardleyToGo/parser/owm/evolve.go:75.4,75.55 1 8
github.com/owulveryck/wardleyToGo/parser/owm/evolve.go:79.4,79.55 1 4
github.com/owulveryck/wardleyToGo/parser/owm/evolve.go:44.18,46.5 1 0
github.com/owulveryck/wardleyToGo/parser/owm/evolve.go:47.50,49.13 2 5
github.com/owulveryck/wardleyToGo/parser/owm/evolve.go:55.17,56.36 1 1
github.com/owulveryck/wardleyToGo/parser/owm/evolve.go:57.15,58.34 1 2
github.com/owulveryck/wardleyToGo/parser/owm/evolve.go:59.21,60.40 1 1
github.com/owulveryck/wardleyToGo/parser/owm/evolve.go:61.23,62.42 1 1
github.com/owulveryck/wardleyToGo/parser/owm/evolve.go:63.12,64.84 1 1
github.com/owulveryck/wardleyToGo/parser/owm/evolve.go:68.22,70.5 1 2
github.com/owulveryck/wardleyToGo/parser/owm/evolve.go:72.18,74.5 1 0
github.com/owulveryck/wardleyToGo/parser/owm/evolve.go:75.55,77.13 2 4
github.com/owulveryck/wardleyToGo/parser/owm/evolve.go:79.55,81.13 2 4
github.com/owulveryck/wardleyToGo/parser/owm/graph.go:9.41,10.49 1 3
github.com/owulveryck/wardleyToGo/parser/owm/graph.go:17.2,17.12 1 3
github.com/owulveryck/wardleyToGo/parser/owm/graph.go:10.49,12.10 2 2
github.com/owulveryck/wardleyToGo/parser/owm/graph.go:15.3,15.93 1 2
github.com/owulveryck/wardleyToGo/parser/owm/graph.go:12.10,14.4 1 0
github.com/owulveryck/wardleyToGo/parser/owm/anchor.go:12.38,14.16 2 2
github.com/owulveryck/wardleyToGo/parser/owm/anchor.go:17.2,19.12 3 2
github.com/owulveryck/wardleyToGo/parser/owm/anchor.go:14.16,16.3 1 0
github.com/owulveryck/wardleyToGo/parser/owm/anchor.go:22.72,27.73 5 5
github.com/owulveryck/wardleyToGo/parser/owm/anchor.go:54.2,55.15 2 5
github.com/owulveryck/wardleyToGo/parser/owm/anchor.go:27.73,28.30 1 22
github.com/owulveryck/wardleyToGo/parser/owm/anchor.go:32.3,32.17 1 22
github.com/owulveryck/wardleyToGo/parser/owm/anchor.go:35.3,35.38 1 22
github.com/owulveryck/wardleyToGo/parser/owm/anchor.go:39.3,39.27 1 22
github.com/owulveryck/wardleyToGo/parser/owm/anchor.go:28.30,30.9 1 0
github.com/owulveryck/wardleyToGo/parser/owm/anchor.go:32.17,34.4 1 3
github.com/owulveryck/wardleyToGo/parser/owm/anchor.go:35.38,38.4 2 7
github.com/owulveryck/wardleyToGo/parser/owm/anchor.go:39.27,41.18 2 6
github.com/owulveryck/wardleyToGo/parser/owm/anchor.go:44.4,44.50 1 6
github.com/owulveryck/wardleyToGo/parser/owm/anchor.go:48.4,48.50 1 3
github.com/owulveryck/wardleyToGo/parser/owm/anchor.go:41.18,43.5 1 0
github.com/owulveryck/wardleyToGo/parser/owm/anchor.go:44.50,46.13 2 3
github.com/owulveryck/wardleyToGo/parser/owm/anchor.go:48.50,50.13 2 3
github.com/owulveryck/wardleyToGo/parser/owm/component.go:13.41,15.16 2 9
github.com/owulveryck/wardleyToGo/parser/owm/component.go:18.2,20.12 3 9
github.com/owulveryck/wardleyToGo/parser/owm/component.go:15.16,17.3 1 0
github.com/owulveryck/wardleyToGo/parser/owm/component.go:23.78,25.61 2 20
github.com/owulveryck/wardleyToGo/parser/owm/component.go:31.2,33.73 3 20
github.com/owulveryck/wardleyToGo/parser/owm/component.go:89.2,90.15 2 19
github.com/owulveryck/wardleyToGo/parser/owm/component.go:25.61,26.20 1 48
github.com/owulveryck/wardleyToGo/parser/owm/component.go:29.3,29.12 1 48
github.com/owulveryck/wardleyToGo/parser/owm/component.go:26.20,28.4 1 20
github.com/owulveryck/wardleyToGo/parser/owm/component.go:33.73,34.14 1 177
github.com/owulveryck/wardleyToGo/parser/owm/component.go:87.3,87.16 1 136
github.com/owulveryck/wardleyToGo/parser/owm/component.go:35.12,36.19 1 20
github.com/owulveryck/wardleyToGo/parser/owm/component.go:37.22,39.20 2 52
github.com/owulveryck/wardleyToGo/parser/owm/component.go:40.22,42.18 2 24
github.com/owulveryck/wardleyToGo/parser/owm/component.go:45.4,45.50 1 24
github.com/owulveryck/wardleyToGo/parser/owm/component.go:49.4,49.50 1 12
github.com/owulveryck/wardleyToGo/parser/owm/component.go:53.12,54.19 1 9
github.com/owulveryck/wardleyToGo/parser/owm/component.go:56.12,57.46 1 9
github.com/owulveryck/wardleyToGo/parser/owm/component.go:69.20,71.22 2 16
github.com/owulveryck/wardleyToGo/parser/owm/component.go:74.4,75.18 2 16
github.com/owulveryck/wardleyToGo/parser/owm/component.go:78.4,78.55 1 16
github.com/owulveryck/wardleyToGo/parser/owm/component.go:82.4,82.55 1 8
github.com/owulveryck/wardleyToGo/parser/owm/component.go:42.18,44.5 1 0
github.com/owulveryck/wardleyToGo/parser/owm/component.go:45.50,47.13 2 12
github.com/owulveryck/wardleyToGo/parser/owm/component.go:49.50,51.13 2 12
github.com/owulveryck/wardleyToGo/parser/owm/component.go:58.17,59.36 1 3
github.com/owulveryck/wardleyToGo/parser/owm/component.go:60.15,61.34 1 1
github.com/owulveryck/wardleyToGo/parser/owm/component.go:62.21,63.40 1 2
github.com/owulveryck/wardleyToGo/parser/owm/component.go:64.23,65.42 1 2
github.com/owulveryck/wardleyToGo/parser/owm/component.go:66.12,67.84 1 1
github.com/owulveryck/wardleyToGo/parser/owm/component.go:71.22,73.5 1 7
github.com/owulveryck/wardleyToGo/parser/owm/component.go:75.18,77.5 1 0
github.com/owulveryck/wardleyToGo/parser/owm/component.go:78.55,80.13 2 8
github.com/owulveryck/wardleyToGo/parser/owm/component.go:82.55,84.13 2 8
